Determining if the pthread_create exist failed with the following output:
Change Dir: /home/color/utaustinvilla3d/CMakeFiles/CMakeTmp

Run Build Command:/usr/bin/make "cmTryCompileExec1509053457/fast"
/usr/bin/make -f CMakeFiles/cmTryCompileExec1509053457.dir/build.make CMakeFiles/cmTryCompileExec1509053457.dir/build
make[1]: Entering directory `/home/color/utaustinvilla3d/CMakeFiles/CMakeTmp'
/usr/bin/cmake -E cmake_progress_report /home/color/utaustinvilla3d/CMakeFiles/CMakeTmp/CMakeFiles 1
Building C object CMakeFiles/cmTryCompileExec1509053457.dir/CheckSymbolExists.c.o
/usr/bin/cc    -o CMakeFiles/cmTryCompileExec1509053457.dir/CheckSymbolExists.c.o   -c /home/color/utaustinvilla3d/CMakeFiles/CMakeTmp/CheckSymbolExists.c
Linking C executable cmTryCompileExec1509053457
/usr/bin/cmake -E cmake_link_script CMakeFiles/cmTryCompileExec1509053457.dir/link.txt --verbose=1
/usr/bin/cc       CMakeFiles/cmTryCompileExec1509053457.dir/CheckSymbolExists.c.o  -o cmTryCompileExec1509053457 -rdynamic 
CMakeFiles/cmTryCompileExec1509053457.dir/CheckSymbolExists.c.o: In function `main':
CheckSymbolExists.c:(.text+0x16): undefined reference to `pthread_create'
collect2: error: ld returned 1 exit status
make[1]: Leaving directory `/home/color/utaustinvilla3d/CMakeFiles/CMakeTmp'
make[1]: *** [cmTryCompileExec1509053457] Error 1
make: *** [cmTryCompileExec1509053457/fast] Error 2

File /home/color/utaustinvilla3d/CMakeFiles/CMakeTmp/CheckSymbolExists.c:
/* */
#include <pthread.h>

int main(int argc, char** argv)
{
  (void)argv;
#ifndef pthread_create
  return ((int*)(&pthread_create))[argc];
#else
  (void)argc;
  return 0;
#endif
}

Determining if the function pthread_create exists in the pthreads failed with the following output:
Change Dir: /home/color/utaustinvilla3d/CMakeFiles/CMakeTmp

Run Build Command:/usr/bin/make "cmTryCompileExec4112401879/fast"
/usr/bin/make -f CMakeFiles/cmTryCompileExec4112401879.dir/build.make CMakeFiles/cmTryCompileExec4112401879.dir/build
make[1]: Entering directory `/home/color/utaustinvilla3d/CMakeFiles/CMakeTmp'
/usr/bin/cmake -E cmake_progress_report /home/color/utaustinvilla3d/CMakeFiles/CMakeTmp/CMakeFiles 1
Building C object CMakeFiles/cmTryCompileExec4112401879.dir/CheckFunctionExists.c.o
/usr/bin/cc   -DCHECK_FUNCTION_EXISTS=pthread_create   -o CMakeFiles/cmTryCompileExec4112401879.dir/CheckFunctionExists.c.o   -c /usr/share/cmake-2.8/Modules/CheckFunctionExists.c
Linking C executable cmTryCompileExec4112401879
/usr/bin/cmake -E cmake_link_script CMakeFiles/cmTryCompileExec4112401879.dir/link.txt --verbose=1
/usr/bin/cc   -DCHECK_FUNCTION_EXISTS=pthread_create    CMakeFiles/cmTryCompileExec4112401879.dir/CheckFunctionExists.c.o  -o cmTryCompileExec4112401879 -rdynamic -lpthreads 
/usr/bin/ld: cannot find -lpthreads
collect2: error: ld returned 1 exit status
make[1]: Leaving directory `/home/color/utaustinvilla3d/CMakeFiles/CMakeTmp'
make[1]: *** [cmTryCompileExec4112401879] Error 1
make: *** [cmTryCompileExec4112401879/fast] Error 2


Determining if the pthread_create exist failed with the following output:
Change Dir: /home/color/Utra/soccerbot/soccer/src/control/CMakeFiles/CMakeTmp

Run Build Command:/usr/bin/make "cmTryCompileExec2935114592/fast"
/usr/bin/make -f CMakeFiles/cmTryCompileExec2935114592.dir/build.make CMakeFiles/cmTryCompileExec2935114592.dir/build
make[1]: Entering directory `/home/color/Utra/soccerbot/soccer/src/control/CMakeFiles/CMakeTmp'
/usr/bin/cmake -E cmake_progress_report /home/color/Utra/soccerbot/soccer/src/control/CMakeFiles/CMakeTmp/CMakeFiles 1
Building C object CMakeFiles/cmTryCompileExec2935114592.dir/CheckSymbolExists.c.o
/usr/bin/cc    -o CMakeFiles/cmTryCompileExec2935114592.dir/CheckSymbolExists.c.o   -c /home/color/Utra/soccerbot/soccer/src/control/CMakeFiles/CMakeTmp/CheckSymbolExists.c
Linking C executable cmTryCompileExec2935114592
/usr/bin/cmake -E cmake_link_script CMakeFiles/cmTryCompileExec2935114592.dir/link.txt --verbose=1
/usr/bin/cc       CMakeFiles/cmTryCompileExec2935114592.dir/CheckSymbolExists.c.o  -o cmTryCompileExec2935114592 -rdynamic 
CMakeFiles/cmTryCompileExec2935114592.dir/CheckSymbolExists.c.o: In function `main':
CheckSymbolExists.c:(.text+0x16): undefined reference to `pthread_create'
collect2: error: ld returned 1 exit status
make[1]: Leaving directory `/home/color/Utra/soccerbot/soccer/src/control/CMakeFiles/CMakeTmp'
make[1]: *** [cmTryCompileExec2935114592] Error 1
make: *** [cmTryCompileExec2935114592/fast] Error 2

File /home/color/Utra/soccerbot/soccer/src/control/CMakeFiles/CMakeTmp/CheckSymbolExists.c:
/* */
#include <pthread.h>

int main(int argc, char** argv)
{
  (void)argv;
#ifndef pthread_create
  return ((int*)(&pthread_create))[argc];
#else
  (void)argc;
  return 0;
#endif
}

Determining if the function pthread_create exists in the pthreads failed with the following output:
Change Dir: /home/color/Utra/soccerbot/soccer/src/control/CMakeFiles/CMakeTmp

Run Build Command:/usr/bin/make "cmTryCompileExec1791280178/fast"
/usr/bin/make -f CMakeFiles/cmTryCompileExec1791280178.dir/build.make CMakeFiles/cmTryCompileExec1791280178.dir/build
make[1]: Entering directory `/home/color/Utra/soccerbot/soccer/src/control/CMakeFiles/CMakeTmp'
/usr/bin/cmake -E cmake_progress_report /home/color/Utra/soccerbot/soccer/src/control/CMakeFiles/CMakeTmp/CMakeFiles 1
Building C object CMakeFiles/cmTryCompileExec1791280178.dir/CheckFunctionExists.c.o
/usr/bin/cc   -DCHECK_FUNCTION_EXISTS=pthread_create   -o CMakeFiles/cmTryCompileExec1791280178.dir/CheckFunctionExists.c.o   -c /usr/share/cmake-2.8/Modules/CheckFunctionExists.c
Linking C executable cmTryCompileExec1791280178
/usr/bin/cmake -E cmake_link_script CMakeFiles/cmTryCompileExec1791280178.dir/link.txt --verbose=1
/usr/bin/cc   -DCHECK_FUNCTION_EXISTS=pthread_create    CMakeFiles/cmTryCompileExec1791280178.dir/CheckFunctionExists.c.o  -o cmTryCompileExec1791280178 -rdynamic -lpthreads 
/usr/bin/ld: cannot find -lpthreads
make[1]: Leaving directory `/home/color/Utra/soccerbot/soccer/src/control/CMakeFiles/CMakeTmp'
collect2: error: ld returned 1 exit status
make[1]: *** [cmTryCompileExec1791280178] Error 1
make: *** [cmTryCompileExec1791280178/fast] Error 2


